ERROR - 2023-11-02 03:12:03 --> Error connecting to the database: mysqli_sql_exception: No connection could be made because the target machine actively refused it.
 in D:\Workspace\KULIAH\FRAMEWORK PROGRAMMING\CI4\system\Database\MySQLi\Connection.php:174
Stack trace:
#0 D:\Workspace\KULIAH\FRAMEWORK PROGRAMMING\CI4\system\Database\MySQLi\Connection.php(174): mysqli->real_connect('localhost', 'root', '', 'ase56', 3306, '', 0)
#1 D:\Workspace\KULIAH\FRAMEWORK PROGRAMMING\CI4\system\Database\BaseConnection.php(391): CodeIgniter\Database\MySQLi\Connection->connect(false)
#2 D:\Workspace\KULIAH\FRAMEWORK PROGRAMMING\CI4\system\Database\BaseConnection.php(573): CodeIgniter\Database\BaseConnection->initialize()
#3 D:\Workspace\KULIAH\FRAMEWORK PROGRAMMING\CI4\system\Database\BaseBuilder.php(1602): CodeIgniter\Database\BaseConnection->query('SELECT *\nFROM `...', Array, false)
#4 D:\Workspace\KULIAH\FRAMEWORK PROGRAMMING\CI4\system\Model.php(240): CodeIgniter\Database\BaseBuilder->get()
#5 D:\Workspace\KULIAH\FRAMEWORK PROGRAMMING\CI4\system\BaseModel.php(618): CodeIgniter\Model->doFindAll(0, 0)
#6 D:\Workspace\KULIAH\FRAMEWORK PROGRAMMING\CI4\app\Controllers\Data\Dataparkir.php(13): CodeIgniter\BaseModel->findAll()
#7 D:\Workspace\KULIAH\FRAMEWORK PROGRAMMING\CI4\system\CodeIgniter.php(934): App\Controllers\Data\Dataparkir->index()
#8 D:\Workspace\KULIAH\FRAMEWORK PROGRAMMING\CI4\system\CodeIgniter.php(499): CodeIgniter\CodeIgniter->runController(Object(App\Controllers\Data\Dataparkir))
#9 D:\Workspace\KULIAH\FRAMEWORK PROGRAMMING\CI4\system\CodeIgniter.php(368): CodeIgniter\CodeIgniter->handleRequest(NULL, Object(Config\Cache), false)
#10 D:\Workspace\KULIAH\FRAMEWORK PROGRAMMING\CI4\public\index.php(67): CodeIgniter\CodeIgniter->run()
#11 D:\Workspace\KULIAH\FRAMEWORK PROGRAMMING\CI4\system\Commands\Server\rewrite.php(47): require_once('D:\\Workspace\\KU...')
#12 {main}

Next CodeIgniter\Database\Exceptions\DatabaseException: No connection could be made because the target machine actively refused it.
 in D:\Workspace\KULIAH\FRAMEWORK PROGRAMMING\CI4\system\Database\MySQLi\Connection.php:218
Stack trace:
#0 D:\Workspace\KULIAH\FRAMEWORK PROGRAMMING\CI4\system\Database\BaseConnection.php(391): CodeIgniter\Database\MySQLi\Connection->connect(false)
#1 D:\Workspace\KULIAH\FRAMEWORK PROGRAMMING\CI4\system\Database\BaseConnection.php(573): CodeIgniter\Database\BaseConnection->initialize()
#2 D:\Workspace\KULIAH\FRAMEWORK PROGRAMMING\CI4\system\Database\BaseBuilder.php(1602): CodeIgniter\Database\BaseConnection->query('SELECT *\nFROM `...', Array, false)
#3 D:\Workspace\KULIAH\FRAMEWORK PROGRAMMING\CI4\system\Model.php(240): CodeIgniter\Database\BaseBuilder->get()
#4 D:\Workspace\KULIAH\FRAMEWORK PROGRAMMING\CI4\system\BaseModel.php(618): CodeIgniter\Model->doFindAll(0, 0)
#5 D:\Workspace\KULIAH\FRAMEWORK PROGRAMMING\CI4\app\Controllers\Data\Dataparkir.php(13): CodeIgniter\BaseModel->findAll()
#6 D:\Workspace\KULIAH\FRAMEWORK PROGRAMMING\CI4\system\CodeIgniter.php(934): App\Controllers\Data\Dataparkir->index()
#7 D:\Workspace\KULIAH\FRAMEWORK PROGRAMMING\CI4\system\CodeIgniter.php(499): CodeIgniter\CodeIgniter->runController(Object(App\Controllers\Data\Dataparkir))
#8 D:\Workspace\KULIAH\FRAMEWORK PROGRAMMING\CI4\system\CodeIgniter.php(368): CodeIgniter\CodeIgniter->handleRequest(NULL, Object(Config\Cache), false)
#9 D:\Workspace\KULIAH\FRAMEWORK PROGRAMMING\CI4\public\index.php(67): CodeIgniter\CodeIgniter->run()
#10 D:\Workspace\KULIAH\FRAMEWORK PROGRAMMING\CI4\system\Commands\Server\rewrite.php(47): require_once('D:\\Workspace\\KU...')
#11 {main}
CRITICAL - 2023-11-02 03:12:03 --> Unable to connect to the database.
Main connection [MySQLi]: No connection could be made because the target machine actively refused it.

in SYSTEMPATH\Database\BaseConnection.php on line 427.
 1 SYSTEMPATH\Database\BaseConnection.php(573): CodeIgniter\Database\BaseConnection->initialize()
 2 SYSTEMPATH\Database\BaseBuilder.php(1602): CodeIgniter\Database\BaseConnection->query('SELECT *
FROM `parkir`', [], false)
 3 SYSTEMPATH\Model.php(240): CodeIgniter\Database\BaseBuilder->get()
 4 SYSTEMPATH\BaseModel.php(618): CodeIgniter\Model->doFindAll(0, 0)
 5 APPPATH\Controllers\Data\Dataparkir.php(13): CodeIgniter\BaseModel->findAll()
 6 SYSTEMPATH\CodeIgniter.php(934): App\Controllers\Data\Dataparkir->index()
 7 SYSTEMPATH\CodeIgniter.php(499): CodeIgniter\CodeIgniter->runController(Object(App\Controllers\Data\Dataparkir))
 8 SYSTEMPATH\CodeIgniter.php(368): CodeIgniter\CodeIgniter->handleRequest(null, Object(Config\Cache), false)
 9 FCPATH\index.php(67): CodeIgniter\CodeIgniter->run()
10 SYSTEMPATH\Commands\Server\rewrite.php(47): require_once('FCPATH\\index.php')
CRITICAL - 2023-11-02 03:18:26 --> Class 'app\Models\MemberModels' not found
in APPPATH\Controllers\Data\Datamember.php on line 12.
 1 SYSTEMPATH\CodeIgniter.php(934): App\Controllers\Data\Datamember->index()
 2 SYSTEMPATH\CodeIgniter.php(499): CodeIgniter\CodeIgniter->runController(Object(App\Controllers\Data\Datamember))
 3 SYSTEMPATH\CodeIgniter.php(368): CodeIgniter\CodeIgniter->handleRequest(null, Object(Config\Cache), false)
 4 FCPATH\index.php(67): CodeIgniter\CodeIgniter->run()
 5 SYSTEMPATH\Commands\Server\rewrite.php(47): require_once('FCPATH\\index.php')
CRITICAL - 2023-11-02 03:20:17 --> Class 'app\Models\MemberModels' not found
in APPPATH\Controllers\Data\Datamember.php on line 12.
 1 SYSTEMPATH\CodeIgniter.php(934): App\Controllers\Data\Datamember->index()
 2 SYSTEMPATH\CodeIgniter.php(499): CodeIgniter\CodeIgniter->runController(Object(App\Controllers\Data\Datamember))
 3 SYSTEMPATH\CodeIgniter.php(368): CodeIgniter\CodeIgniter->handleRequest(null, Object(Config\Cache), false)
 4 FCPATH\index.php(67): CodeIgniter\CodeIgniter->run()
 5 SYSTEMPATH\Commands\Server\rewrite.php(47): require_once('FCPATH\\index.php')
CRITICAL - 2023-11-02 03:20:57 --> Class 'app\Models\MemberModels' not found
in APPPATH\Controllers\Data\Datamember.php on line 12.
 1 SYSTEMPATH\CodeIgniter.php(934): App\Controllers\Data\Datamember->index()
 2 SYSTEMPATH\CodeIgniter.php(499): CodeIgniter\CodeIgniter->runController(Object(App\Controllers\Data\Datamember))
 3 SYSTEMPATH\CodeIgniter.php(368): CodeIgniter\CodeIgniter->handleRequest(null, Object(Config\Cache), false)
 4 FCPATH\index.php(67): CodeIgniter\CodeIgniter->run()
 5 SYSTEMPATH\Commands\Server\rewrite.php(47): require_once('FCPATH\\index.php')
CRITICAL - 2023-11-02 03:20:58 --> Class 'app\Models\MemberModels' not found
in APPPATH\Controllers\Data\Datamember.php on line 12.
 1 SYSTEMPATH\CodeIgniter.php(934): App\Controllers\Data\Datamember->index()
 2 SYSTEMPATH\CodeIgniter.php(499): CodeIgniter\CodeIgniter->runController(Object(App\Controllers\Data\Datamember))
 3 SYSTEMPATH\CodeIgniter.php(368): CodeIgniter\CodeIgniter->handleRequest(null, Object(Config\Cache), false)
 4 FCPATH\index.php(67): CodeIgniter\CodeIgniter->run()
 5 SYSTEMPATH\Commands\Server\rewrite.php(47): require_once('FCPATH\\index.php')
CRITICAL - 2023-11-02 03:21:47 --> Class 'app\Models\Member' not found
in APPPATH\Controllers\Data\Datamember.php on line 12.
 1 SYSTEMPATH\CodeIgniter.php(934): App\Controllers\Data\Datamember->index()
 2 SYSTEMPATH\CodeIgniter.php(499): CodeIgniter\CodeIgniter->runController(Object(App\Controllers\Data\Datamember))
 3 SYSTEMPATH\CodeIgniter.php(368): CodeIgniter\CodeIgniter->handleRequest(null, Object(Config\Cache), false)
 4 FCPATH\index.php(67): CodeIgniter\CodeIgniter->run()
 5 SYSTEMPATH\Commands\Server\rewrite.php(47): require_once('FCPATH\\index.php')
CRITICAL - 2023-11-02 03:21:47 --> Class 'app\Models\Member' not found
in APPPATH\Controllers\Data\Datamember.php on line 12.
 1 SYSTEMPATH\CodeIgniter.php(934): App\Controllers\Data\Datamember->index()
 2 SYSTEMPATH\CodeIgniter.php(499): CodeIgniter\CodeIgniter->runController(Object(App\Controllers\Data\Datamember))
 3 SYSTEMPATH\CodeIgniter.php(368): CodeIgniter\CodeIgniter->handleRequest(null, Object(Config\Cache), false)
 4 FCPATH\index.php(67): CodeIgniter\CodeIgniter->run()
 5 SYSTEMPATH\Commands\Server\rewrite.php(47): require_once('FCPATH\\index.php')
CRITICAL - 2023-11-02 03:21:47 --> Class 'app\Models\Member' not found
in APPPATH\Controllers\Data\Datamember.php on line 12.
 1 SYSTEMPATH\CodeIgniter.php(934): App\Controllers\Data\Datamember->index()
 2 SYSTEMPATH\CodeIgniter.php(499): CodeIgniter\CodeIgniter->runController(Object(App\Controllers\Data\Datamember))
 3 SYSTEMPATH\CodeIgniter.php(368): CodeIgniter\CodeIgniter->handleRequest(null, Object(Config\Cache), false)
 4 FCPATH\index.php(67): CodeIgniter\CodeIgniter->run()
 5 SYSTEMPATH\Commands\Server\rewrite.php(47): require_once('FCPATH\\index.php')
CRITICAL - 2023-11-02 03:21:48 --> Class 'app\Models\Member' not found
in APPPATH\Controllers\Data\Datamember.php on line 12.
 1 SYSTEMPATH\CodeIgniter.php(934): App\Controllers\Data\Datamember->index()
 2 SYSTEMPATH\CodeIgniter.php(499): CodeIgniter\CodeIgniter->runController(Object(App\Controllers\Data\Datamember))
 3 SYSTEMPATH\CodeIgniter.php(368): CodeIgniter\CodeIgniter->handleRequest(null, Object(Config\Cache), false)
 4 FCPATH\index.php(67): CodeIgniter\CodeIgniter->run()
 5 SYSTEMPATH\Commands\Server\rewrite.php(47): require_once('FCPATH\\index.php')
CRITICAL - 2023-11-02 03:21:48 --> Class 'app\Models\Member' not found
in APPPATH\Controllers\Data\Datamember.php on line 12.
 1 SYSTEMPATH\CodeIgniter.php(934): App\Controllers\Data\Datamember->index()
 2 SYSTEMPATH\CodeIgniter.php(499): CodeIgniter\CodeIgniter->runController(Object(App\Controllers\Data\Datamember))
 3 SYSTEMPATH\CodeIgniter.php(368): CodeIgniter\CodeIgniter->handleRequest(null, Object(Config\Cache), false)
 4 FCPATH\index.php(67): CodeIgniter\CodeIgniter->run()
 5 SYSTEMPATH\Commands\Server\rewrite.php(47): require_once('FCPATH\\index.php')
CRITICAL - 2023-11-02 03:21:49 --> Class 'app\Models\Member' not found
in APPPATH\Controllers\Data\Datamember.php on line 12.
 1 SYSTEMPATH\CodeIgniter.php(934): App\Controllers\Data\Datamember->index()
 2 SYSTEMPATH\CodeIgniter.php(499): CodeIgniter\CodeIgniter->runController(Object(App\Controllers\Data\Datamember))
 3 SYSTEMPATH\CodeIgniter.php(368): CodeIgniter\CodeIgniter->handleRequest(null, Object(Config\Cache), false)
 4 FCPATH\index.php(67): CodeIgniter\CodeIgniter->run()
 5 SYSTEMPATH\Commands\Server\rewrite.php(47): require_once('FCPATH\\index.php')
CRITICAL - 2023-11-02 03:21:49 --> Class 'app\Models\Member' not found
in APPPATH\Controllers\Data\Datamember.php on line 12.
 1 SYSTEMPATH\CodeIgniter.php(934): App\Controllers\Data\Datamember->index()
 2 SYSTEMPATH\CodeIgniter.php(499): CodeIgniter\CodeIgniter->runController(Object(App\Controllers\Data\Datamember))
 3 SYSTEMPATH\CodeIgniter.php(368): CodeIgniter\CodeIgniter->handleRequest(null, Object(Config\Cache), false)
 4 FCPATH\index.php(67): CodeIgniter\CodeIgniter->run()
 5 SYSTEMPATH\Commands\Server\rewrite.php(47): require_once('FCPATH\\index.php')
CRITICAL - 2023-11-02 03:21:51 --> Class 'app\Models\Member' not found
in APPPATH\Controllers\Data\Datamember.php on line 12.
 1 SYSTEMPATH\CodeIgniter.php(934): App\Controllers\Data\Datamember->index()
 2 SYSTEMPATH\CodeIgniter.php(499): CodeIgniter\CodeIgniter->runController(Object(App\Controllers\Data\Datamember))
 3 SYSTEMPATH\CodeIgniter.php(368): CodeIgniter\CodeIgniter->handleRequest(null, Object(Config\Cache), false)
 4 FCPATH\index.php(67): CodeIgniter\CodeIgniter->run()
 5 SYSTEMPATH\Commands\Server\rewrite.php(47): require_once('FCPATH\\index.php')
CRITICAL - 2023-11-02 03:22:26 --> Class 'app\Models\Member' not found
in APPPATH\Controllers\Data\Datamember.php on line 12.
 1 SYSTEMPATH\CodeIgniter.php(934): App\Controllers\Data\Datamember->index()
 2 SYSTEMPATH\CodeIgniter.php(499): CodeIgniter\CodeIgniter->runController(Object(App\Controllers\Data\Datamember))
 3 SYSTEMPATH\CodeIgniter.php(368): CodeIgniter\CodeIgniter->handleRequest(null, Object(Config\Cache), false)
 4 FCPATH\index.php(67): CodeIgniter\CodeIgniter->run()
 5 SYSTEMPATH\Commands\Server\rewrite.php(47): require_once('FCPATH\\index.php')
CRITICAL - 2023-11-02 03:24:15 --> View themes, no current section.
in SYSTEMPATH\View\View.php on line 394.
 1 APPPATH\Views\member.php(470): CodeIgniter\View\View->endSection()
 2 SYSTEMPATH\View\View.php(213): include('APPPATH\\Views\\member.php')
 3 SYSTEMPATH\View\View.php(216): CodeIgniter\View\View->CodeIgniter\View\{closure}()
 4 SYSTEMPATH\Common.php(1177): CodeIgniter\View\View->render('member', [], true)
 5 APPPATH\Controllers\Data\Datamember.php(16): view('member', [...])
 6 SYSTEMPATH\CodeIgniter.php(934): App\Controllers\Data\Datamember->index()
 7 SYSTEMPATH\CodeIgniter.php(499): CodeIgniter\CodeIgniter->runController(Object(App\Controllers\Data\Datamember))
 8 SYSTEMPATH\CodeIgniter.php(368): CodeIgniter\CodeIgniter->handleRequest(null, Object(Config\Cache), false)
 9 FCPATH\index.php(67): CodeIgniter\CodeIgniter->run()
10 SYSTEMPATH\Commands\Server\rewrite.php(47): require_once('FCPATH\\index.php')
CRITICAL - 2023-11-02 03:28:16 --> Undefined variable: p
in APPPATH\Views\member.php on line 44.
 1 APPPATH\Views\member.php(44): CodeIgniter\Debug\Exceptions->errorHandler(8, 'Undefined variable: p', 'APPPATH\\Views\\member.php', 44, [...])
 2 SYSTEMPATH\View\View.php(213): include('APPPATH\\Views\\member.php')
 3 SYSTEMPATH\View\View.php(216): CodeIgniter\View\View->CodeIgniter\View\{closure}()
 4 SYSTEMPATH\Common.php(1177): CodeIgniter\View\View->render('member', [], true)
 5 APPPATH\Controllers\Data\Datamember.php(16): view('member', [...])
 6 SYSTEMPATH\CodeIgniter.php(934): App\Controllers\Data\Datamember->index()
 7 SYSTEMPATH\CodeIgniter.php(499): CodeIgniter\CodeIgniter->runController(Object(App\Controllers\Data\Datamember))
 8 SYSTEMPATH\CodeIgniter.php(368): CodeIgniter\CodeIgniter->handleRequest(null, Object(Config\Cache), false)
 9 FCPATH\index.php(67): CodeIgniter\CodeIgniter->run()
10 SYSTEMPATH\Commands\Server\rewrite.php(47): require_once('FCPATH\\index.php')
CRITICAL - 2023-11-02 03:28:19 --> Undefined variable: p
in APPPATH\Views\member.php on line 44.
 1 APPPATH\Views\member.php(44): CodeIgniter\Debug\Exceptions->errorHandler(8, 'Undefined variable: p', 'APPPATH\\Views\\member.php', 44, [...])
 2 SYSTEMPATH\View\View.php(213): include('APPPATH\\Views\\member.php')
 3 SYSTEMPATH\View\View.php(216): CodeIgniter\View\View->CodeIgniter\View\{closure}()
 4 SYSTEMPATH\Common.php(1177): CodeIgniter\View\View->render('member', [], true)
 5 APPPATH\Controllers\Data\Datamember.php(16): view('member', [...])
 6 SYSTEMPATH\CodeIgniter.php(934): App\Controllers\Data\Datamember->index()
 7 SYSTEMPATH\CodeIgniter.php(499): CodeIgniter\CodeIgniter->runController(Object(App\Controllers\Data\Datamember))
 8 SYSTEMPATH\CodeIgniter.php(368): CodeIgniter\CodeIgniter->handleRequest(null, Object(Config\Cache), false)
 9 FCPATH\index.php(67): CodeIgniter\CodeIgniter->run()
10 SYSTEMPATH\Commands\Server\rewrite.php(47): require_once('FCPATH\\index.php')
CRITICAL - 2023-11-02 05:07:59 --> Undefined variable: p
in APPPATH\Views\member.php on line 62.
 1 APPPATH\Views\member.php(62): CodeIgniter\Debug\Exceptions->errorHandler(8, 'Undefined variable: p', 'APPPATH\\Views\\member.php', 62, [...])
 2 SYSTEMPATH\View\View.php(213): include('APPPATH\\Views\\member.php')
 3 SYSTEMPATH\View\View.php(216): CodeIgniter\View\View->CodeIgniter\View\{closure}()
 4 SYSTEMPATH\Common.php(1177): CodeIgniter\View\View->render('member', [], true)
 5 APPPATH\Controllers\Data\Datamember.php(16): view('member', [...])
 6 SYSTEMPATH\CodeIgniter.php(934): App\Controllers\Data\Datamember->index()
 7 SYSTEMPATH\CodeIgniter.php(499): CodeIgniter\CodeIgniter->runController(Object(App\Controllers\Data\Datamember))
 8 SYSTEMPATH\CodeIgniter.php(368): CodeIgniter\CodeIgniter->handleRequest(null, Object(Config\Cache), false)
 9 FCPATH\index.php(67): CodeIgniter\CodeIgniter->run()
10 SYSTEMPATH\Commands\Server\rewrite.php(47): require_once('FCPATH\\index.php')
